2019-05-03T00:46:35+0200 [-] Loading server.py...
2019-05-03T00:46:35+0200 [-] Loaded.
2019-05-03T00:46:35+0200 [twisted.scripts._twistd_unix.UnixAppLogger#info] twistd 18.9.0 (/usr/bin/python 2.7.15) starting up.
2019-05-03T00:46:35+0200 [twisted.scripts._twistd_unix.UnixAppLogger#info] reactor class: twisted.internet.epollreactor.EPollReactor.
2019-05-03T00:46:35+0200 [-] PingPongProtocol starting on 5544
2019-05-03T00:46:35+0200 [-] Starting protocol <__builtin__.PingPongProtocol instance at 0x7fdffad108c0>
2019-05-03T00:46:40+0200 [-] updatespeed: 0.8  hasclients: True
2019-05-03T00:46:45+0200 [-] updatespeed: 1.2  hasclients: True
2019-05-03T00:46:50+0200 [-] updatespeed: 1.6  hasclients: True
2019-05-03T00:46:55+0200 [-] updatespeed: 1.6  hasclients: True
2019-05-03T00:47:00+0200 [-] updatespeed: 1.6  hasclients: True
2019-05-03T00:47:05+0200 [-] updatespeed: 1.6  hasclients: True
2019-05-03T00:47:10+0200 [-] updatespeed: 1.6  hasclients: True
2019-05-03T00:47:15+0200 [-] updatespeed: 1.6  hasclients: True
2019-05-03T00:47:20+0200 [-] updatespeed: 1.6  hasclients: True
2019-05-03T00:47:25+0200 [-] updatespeed: 1.6  hasclients: True
2019-05-03T00:47:30+0200 [-] updatespeed: 1.6  hasclients: True
2019-05-03T00:47:35+0200 [-] updatespeed: 1.6  hasclients: True
2019-05-03T00:47:40+0200 [-] updatespeed: 1.6  hasclients: True
2019-05-03T00:47:45+0200 [-] updatespeed: 1.6  hasclients: False
2019-05-03T00:47:50+0200 [-] updatespeed: 1.6  hasclients: False
2019-05-03T00:47:55+0200 [-] updatespeed: 1.6  hasclients: False
2019-05-03T00:48:00+0200 [-] updatespeed: 1.6  hasclients: False
2019-05-03T00:48:05+0200 [-] updatespeed: 1.6  hasclients: True
2019-05-03T00:48:10+0200 [-] updatespeed: 1.6  hasclients: True
2019-05-03T00:48:15+0200 [-] updatespeed: 1.6  hasclients: True
2019-05-03T00:48:20+0200 [-] updatespeed: 1.6  hasclients: True
2019-05-03T00:48:25+0200 [-] updatespeed: 1.2  hasclients: True
2019-05-03T00:48:30+0200 [-] updatespeed: 1.2  hasclients: True
2019-05-03T00:48:35+0200 [-] updatespeed: 1.4  hasclients: True
2019-05-03T00:48:40+0200 [-] updatespeed: 1.6  hasclients: True
2019-05-03T00:48:45+0200 [-] updatespeed: 1.6  hasclients: True
2019-05-03T00:48:50+0200 [-] updatespeed: 1.6  hasclients: True
2019-05-03T00:48:55+0200 [-] updatespeed: 1.6  hasclients: True
2019-05-03T00:49:00+0200 [-] updatespeed: 1.6  hasclients: True
2019-05-03T00:49:05+0200 [-] updatespeed: 1.6  hasclients: True
2019-05-03T00:49:10+0200 [-] updatespeed: 1.6  hasclients: True
2019-05-03T00:49:15+0200 [-] updatespeed: 1.0  hasclients: True
2019-05-03T00:49:20+0200 [-] updatespeed: 0.8  hasclients: True
2019-05-03T00:49:25+0200 [-] updatespeed: 0.6  hasclients: False
2019-05-03T00:49:30+0200 [-] updatespeed: 0.6  hasclients: False
2019-05-03T00:49:35+0200 [-] updatespeed: 0.6  hasclients: False
2019-05-03T00:49:40+0200 [-] updatespeed: 0.6  hasclients: False
2019-05-03T00:49:45+0200 [-] updatespeed: 0.6  hasclients: False
2019-05-03T00:49:50+0200 [-] updatespeed: 0.6  hasclients: False
2019-05-03T00:49:55+0200 [-] updatespeed: 0.6  hasclients: False
2019-05-03T00:50:00+0200 [-] updatespeed: 0.6  hasclients: False
2019-05-03T00:50:05+0200 [-] updatespeed: 0.6  hasclients: False
2019-05-03T00:50:10+0200 [-] updatespeed: 0.6  hasclients: False
2019-05-03T00:50:15+0200 [-] updatespeed: 0.6  hasclients: False
2019-05-03T00:50:20+0200 [-] updatespeed: 1.4  hasclients: True
2019-05-03T00:50:25+0200 [-] updatespeed: 1.6  hasclients: True
2019-05-03T00:50:30+0200 [-] updatespeed: 1.4  hasclients: True
2019-05-03T00:50:35+0200 [-] updatespeed: 1.4  hasclients: True
2019-05-03T00:50:40+0200 [-] updatespeed: 1.4  hasclients: True
2019-05-03T00:50:45+0200 [-] updatespeed: 1.6  hasclients: True
2019-05-03T00:50:50+0200 [-] updatespeed: 1.6  hasclients: True
2019-05-03T00:50:55+0200 [-] updatespeed: 1.6  hasclients: True
2019-05-03T00:51:00+0200 [-] updatespeed: 1.6  hasclients: True
2019-05-03T00:51:05+0200 [-] updatespeed: 1.6  hasclients: True
2019-05-03T00:51:10+0200 [-] updatespeed: 1.6  hasclients: True
2019-05-03T00:51:15+0200 [-] updatespeed: 1.4  hasclients: False
2019-05-03T00:51:20+0200 [-] updatespeed: 1.4  hasclients: False
2019-05-03T00:51:25+0200 [-] updatespeed: 1.4  hasclients: False
2019-05-03T00:51:30+0200 [-] updatespeed: 1.4  hasclients: False
2019-05-03T00:51:35+0200 [-] updatespeed: 1.4  hasclients: False
2019-05-03T00:51:40+0200 [-] updatespeed: 1.4  hasclients: False
2019-05-03T00:51:45+0200 [-] updatespeed: 1.4  hasclients: False
2019-05-03T00:51:50+0200 [-] updatespeed: 1.4  hasclients: False
2019-05-03T00:51:55+0200 [-] updatespeed: 1.6  hasclients: True
2019-05-03T00:52:00+0200 [-] updatespeed: 1.6  hasclients: True
2019-05-03T00:52:05+0200 [-] updatespeed: 1.6  hasclients: True
2019-05-03T00:52:10+0200 [-] updatespeed: 1.6  hasclients: True
2019-05-03T00:52:15+0200 [-] updatespeed: 1.6  hasclients: True
2019-05-03T00:52:20+0200 [-] updatespeed: 1.6  hasclients: True
2019-05-03T00:52:25+0200 [-] updatespeed: 1.6  hasclients: True
2019-05-03T00:52:30+0200 [-] updatespeed: 1.6  hasclients: True
2019-05-03T00:52:35+0200 [-] updatespeed: 1.6  hasclients: True
2019-05-03T00:52:40+0200 [-] updatespeed: 1.4  hasclients: True
2019-05-03T00:52:45+0200 [-] updatespeed: 1.4  hasclients: True
2019-05-03T00:52:50+0200 [-] updatespeed: 1.2  hasclients: True
2019-05-03T00:52:55+0200 [-] updatespeed: 1.6  hasclients: True
2019-05-03T00:53:00+0200 [-] updatespeed: 1.6  hasclients: True
2019-05-03T00:53:05+0200 [-] updatespeed: 1.4  hasclients: True
2019-05-03T00:53:10+0200 [-] updatespeed: 1.6  hasclients: True
2019-05-03T00:53:15+0200 [-] updatespeed: 1.6  hasclients: True
2019-05-03T00:53:20+0200 [-] updatespeed: 1.6  hasclients: True
2019-05-03T00:53:25+0200 [-] updatespeed: 1.6  hasclients: True
2019-05-03T00:53:30+0200 [-] updatespeed: 1.6  hasclients: True
2019-05-03T00:53:35+0200 [-] updatespeed: 1.6  hasclients: True
2019-05-03T00:53:40+0200 [-] updatespeed: 1.6  hasclients: True
2019-05-03T00:53:45+0200 [-] updatespeed: 1.6  hasclients: True
2019-05-03T00:53:50+0200 [-] updatespeed: 1.6  hasclients: True
2019-05-03T00:53:55+0200 [-] updatespeed: 1.6  hasclients: True
2019-05-03T00:54:00+0200 [-] updatespeed: 1.6  hasclients: True
2019-05-03T00:54:05+0200 [-] updatespeed: 1.6  hasclients: True
2019-05-03T00:54:10+0200 [-] updatespeed: 1.6  hasclients: True
2019-05-03T00:54:15+0200 [-] updatespeed: 1.6  hasclients: True
2019-05-03T00:54:20+0200 [-] updatespeed: 1.6  hasclients: True
2019-05-03T00:54:25+0200 [-] updatespeed: 1.6  hasclients: True
2019-05-03T00:54:30+0200 [-] updatespeed: 1.6  hasclients: True
2019-05-03T00:54:35+0200 [-] updatespeed: 1.6  hasclients: True
2019-05-03T00:54:40+0200 [-] updatespeed: 1.6  hasclients: True
